

Inicio de nueva sesion por: 
Id: 3 
Nombre: ADMINISTRADOR 
Email: correo@gmail.com 
Perfil: 1 
Alias: administrador 
Ip: 127.0.0.1 
Fecha: 2014-10-11 16:33:55 


Inicio de nueva sesion por: 
Id: 3 
Nombre: ADMINISTRADOR 
Email: correo@gmail.com 
Perfil: 1 
Alias: administrador 
Ip: 127.0.0.1 
Fecha: 2014-10-13 17:20:32 


Inicio de nueva sesion por: 
Id: 3 
Nombre: ADMINISTRADOR 
Email: correo@gmail.com 
Perfil: 1 
Alias: administrador 
Ip: 127.0.0.1 
Fecha: 2014-11-30 21:04:31 


Inicio de nueva sesion por: 
Id: 3 
Nombre: ADMINISTRADOR 
Email: correo@gmail.com 
Perfil: 1 
Alias: administrador 
Ip: 127.0.0.1 
Fecha: 2014-12-03 22:12:09 


Inicio de nueva sesion por: 
Id: 3 
Nombre: ADMINISTRADOR 
Email: correo@gmail.com 
Perfil: 1 
Alias: administrador 
Ip: 127.0.0.1 
Fecha: 2014-12-21 23:39:10 


Inicio de nueva sesion por: 
Id: 3 
Nombre: ADMINISTRADOR 
Email: correo@gmail.com 
Perfil: 1 
Alias: administrador 
Ip: 127.0.0.1 
Fecha: 2015-01-04 21:00:21 


Inicio de nueva sesion por: 
Id: 3 
Nombre: ADMINISTRADOR 
Email: correo@gmail.com 
Perfil: 1 
Alias: administrador 
Ip: 127.0.0.1 
Fecha: 2015-01-18 20:33:37 
